<?xml version="1.0" encoding="UTF-8"?><testrun name="GetConflictingBookingsTests" project="Campervibe" tests="9" started="9" failures="1" errors="0" ignored="0">
  <testsuite name="uk.co.luciditysoftware.campervibe.tests.domain.entities.vehicle.GetConflictingBookingsTests" time="0.023">
    <testcase name="nothingReturnedIfBeforeEarliestBooking" classname="uk.co.luciditysoftware.campervibe.tests.domain.entities.vehicle.GetConflictingBookingsTests" time="0.012"/>
    <testcase name="returnsBookingIfStartAfterStartAndEndAfterEnd" classname="uk.co.luciditysoftware.campervibe.tests.domain.entities.vehicle.GetConflictingBookingsTests" time="0.0"/>
    <testcase name="returnsBookingIfStartAfterStartAndEndEqualsEnd" classname="uk.co.luciditysoftware.campervibe.tests.domain.entities.vehicle.GetConflictingBookingsTests" time="0.001"/>
    <testcase name="returnsBookingIfStartDateIsBeforeAndEndIsAfterStart" classname="uk.co.luciditysoftware.campervibe.tests.domain.entities.vehicle.GetConflictingBookingsTests" time="0.0"/>
    <testcase name="returnsBookingIfStartDateBeforeAndEndDateEqualsStart" classname="uk.co.luciditysoftware.campervibe.tests.domain.entities.vehicle.GetConflictingBookingsTests" time="0.001"/>
    <testcase name="returnsBookingIfStartEqualsEndAndEndAfterEnd" classname="uk.co.luciditysoftware.campervibe.tests.domain.entities.vehicle.GetConflictingBookingsTests" time="0.001"/>
    <testcase name="returnsBookingIfStartEqualsStartAndEndEqualsEnd" classname="uk.co.luciditysoftware.campervibe.tests.domain.entities.vehicle.GetConflictingBookingsTests" time="0.0"/>
    <testcase name="returnsNothingIfStartAfterEndAndEndAfterEnd" classname="uk.co.luciditysoftware.campervibe.tests.domain.entities.vehicle.GetConflictingBookingsTests" time="0.006">
      <failure>java.lang.AssertionError: expected:&lt;1&gt; but was:&lt;0&gt;&#13;
	at org.junit.Assert.fail(Assert.java:88)&#13;
	at org.junit.Assert.failNotEquals(Assert.java:834)&#13;
	at org.junit.Assert.assertEquals(Assert.java:645)&#13;
	at org.junit.Assert.assertEquals(Assert.java:631)&#13;
	at uk.co.luciditysoftware.campervibe.tests.domain.entities.vehicle.GetConflictingBookingsTests.returnsNothingIfStartAfterEndAndEndAfterEnd(GetConflictingBookingsTests.java:196)&#13;
	at sun.reflect.NativeMethodAccessorImpl.invoke0(Native Method)&#13;
	at sun.reflect.NativeMethodAccessorImpl.invoke(Unknown Source)&#13;
	at sun.reflect.DelegatingMethodAccessorImpl.invoke(Unknown Source)&#13;
	at java.lang.reflect.Method.invoke(Unknown Source)&#13;
	at org.junit.runners.model.FrameworkMethod$1.runReflectiveCall(FrameworkMethod.java:50)&#13;
	at org.junit.internal.runners.model.ReflectiveCallable.run(ReflectiveCallable.java:12)&#13;
	at org.junit.runners.model.FrameworkMethod.invokeExplosively(FrameworkMethod.java:47)&#13;
	at org.junit.internal.runners.statements.InvokeMethod.evaluate(InvokeMethod.java:17)&#13;
	at org.junit.internal.runners.statements.RunBefores.evaluate(RunBefores.java:26)&#13;
	at org.junit.runners.ParentRunner.runLeaf(ParentRunner.java:325)&#13;
	at org.junit.runners.BlockJUnit4ClassRunner.runChild(BlockJUnit4ClassRunner.java:78)&#13;
	at org.junit.runners.BlockJUnit4ClassRunner.runChild(BlockJUnit4ClassRunner.java:57)&#13;
	at org.junit.runners.ParentRunner$3.run(ParentRunner.java:290)&#13;
	at org.junit.runners.ParentRunner$1.schedule(ParentRunner.java:71)&#13;
	at org.junit.runners.ParentRunner.runChildren(ParentRunner.java:288)&#13;
	at org.junit.runners.ParentRunner.access$000(ParentRunner.java:58)&#13;
	at org.junit.runners.ParentRunner$2.evaluate(ParentRunner.java:268)&#13;
	at org.junit.internal.runners.statements.RunBefores.evaluate(RunBefores.java:26)&#13;
	at org.junit.runners.ParentRunner.run(ParentRunner.java:363)&#13;
	at org.eclipse.jdt.internal.junit4.runner.JUnit4TestReference.run(JUnit4TestReference.java:86)&#13;
	at org.eclipse.jdt.internal.junit.runner.TestExecution.run(TestExecution.java:38)&#13;
	at org.eclipse.jdt.internal.junit.runner.RemoteTestRunner.runTests(RemoteTestRunner.java:459)&#13;
	at org.eclipse.jdt.internal.junit.runner.RemoteTestRunner.runTests(RemoteTestRunner.java:675)&#13;
	at org.eclipse.jdt.internal.junit.runner.RemoteTestRunner.run(RemoteTestRunner.java:382)&#13;
	at org.eclipse.jdt.internal.junit.runner.RemoteTestRunner.main(RemoteTestRunner.java:192)&#13;
&#13;
</failure>
    </testcase>
    <testcase name="returnsBookingIfStartDateIsEqualAndEndIsAfterStart" classname="uk.co.luciditysoftware.campervibe.tests.domain.entities.vehicle.GetConflictingBookingsTests" time="0.001"/>
  </testsuite>
</testrun>
